<?xml version="1.0" encoding="UTF-8"?>
<testsuite xmlns:xsi="http://www.w3.org/2001/XMLSchema-instance" xsi:noNamespaceSchemaLocation="https://maven.apache.org/surefire/maven-surefire-plugin/xsd/surefire-test-report.xsd" version="3.0.2" name="TestSuite" time="79.223" tests="1" errors="0" skipped="0" failures="0">
  <properties>
[...]
</properties>
  <testcase name="readData" classname="MerinFinalProject.FinalTest" time="67.096">
    <system-out><![CDATA[Table 1 Row 1 : Saint-Lambert
Table 2 Row 1 : Blainville
Table 2 Row 2 : Régie de l'eau de L'Île-Perrot
Table 2 Row 3 : Vaudreuil-Dorion
Table 3 Row 1 : La Haute-Yamaska
Table 3 Row 2 : L'Isle-Verte
Table 3 Row 3 : Sainte-Julienne
Table 3 Row 4 : Saint-Louis-du-Ha! Ha!
Table 3 Row 5 : Waterloo
Table 4 Row 1 : Cantley
Table 4 Row 2 : La Matapédia
Table 4 Row 3 : Régie intermunicipale de gestion des matières résiduelles de la région de Coaticook
Table 4 Row 4 : Saint-Donat
Table 4 Row 5 : Saint-Lazare
Table 5 Row 1 : La Rédemption
Table 5 Row 2 : Saint-Basile
]]></system-out>
  </testcase>
</testsuite>