<?xml version="1.0" encoding="UTF-8"?>
<testng-results ignored="0" total="1" passed="1" failed="0" skipped="0">
  <reporter-output>
  </reporter-output>
  <suite started-at="2024-07-15T08:53:22 CST" name="Suite" finished-at="2024-07-15T08:54:40 CST" duration-ms="78574">
    <groups>
    </groups>
    <test started-at="2024-07-15T08:53:22 CST" name="Test" finished-at="2024-07-15T08:54:40 CST" duration-ms="78574">
      <class name="MerinFinalProject.FinalTest">
        <test-method is-config="true" signature="beforeSuite()[pri:0, instance:MerinFinalProject.FinalTest@7cc0cdad]" started-at="2024-07-15T08:53:22 CST" name="beforeSuite" finished-at="2024-07-15T08:53:22 CST" duration-ms="0" status="PASS">
          <reporter-output>
          </reporter-output>
        </test-method> <!-- beforeSuite -->
        <test-method is-config="true" signature="beforeMethod()[pri:0, instance:MerinFinalProject.FinalTest@7cc0cdad]" started-at="2024-07-15T08:53:22 CST" name="beforeMethod" finished-at="2024-07-15T08:53:33 CST" duration-ms="10638" status="PASS">
          <reporter-output>
          </reporter-output>
        </test-method> <!-- beforeMethod -->
        <test-method signature="readData()[pri:0, instance:MerinFinalProject.FinalTest@7cc0cdad]" started-at="2024-07-15T08:53:33 CST" name="readData" finished-at="2024-07-15T08:54:40 CST" duration-ms="67099" status="PASS">
          <reporter-output>
          </reporter-output>
        </test-method> <!-- readData -->
        <test-method is-config="true" signature="afterMethod()[pri:0, instance:MerinFinalProject.FinalTest@7cc0cdad]" started-at="2024-07-15T08:54:40 CST" name="afterMethod" finished-at="2024-07-15T08:54:40 CST" duration-ms="817" status="PASS">
          <reporter-output>
          </reporter-output>
        </test-method> <!-- afterMethod -->
      </class> <!-- MerinFinalProject.FinalTest -->
    </test> <!-- Test -->
  </suite> <!-- Suite -->
</testng-results>
